<?xml version="1.0" encoding="UTF-8"?>
<!-- Generated by org.testng.reporters.JUnitReportReporter -->
<testsuite hostname="NAVIN" failures="0" tests="4" name="generaloperations.Grouping" time="44.405" errors="0" timestamp="2024-06-16T11:17:43 IST" skipped="0">
  <testcase classname="generaloperations.Grouping" name="testcase4" time="9.895"/>
  <testcase classname="generaloperations.Grouping" name="testCase1" time="15.269"/>
  <testcase classname="generaloperations.Grouping" name="testCase2" time="10.573"/>
  <testcase classname="generaloperations.Grouping" name="testCase3" time="8.668"/>
</testsuite> <!-- generaloperations.Grouping -->
