<?xml version="1.0" encoding="UTF-8"?>
<!-- Generated by org.testng.reporters.JUnitReportReporter -->
<testsuite hostname="NAVIN" failures="0" tests="2" name="generaloperations.Sample" time="14.160" errors="0" timestamp="2024-06-16T11:19:15 IST" skipped="1">
  <testcase classname="generaloperations.Sample" name="testcase4" time="14.160"/>
  <testcase classname="generaloperations.Sample" name="testCase3">
    <skipped/>
  </testcase> <!-- testCase3 -->
</testsuite> <!-- generaloperations.Sample -->
